Determining if the pthread_create exist failed with the following output:
Change Dir: /home/ttanaya/ece650-threads/build/CMakeFiles/CMakeTmp

Run Build Command:/usr/bin/gmake "cmTryCompileExec1084520591/fast"
/usr/bin/gmake -f CMakeFiles/cmTryCompileExec1084520591.dir/build.make CMakeFiles/cmTryCompileExec1084520591.dir/build
gmake[1]: Entering directory `/home/ttanaya/ece650-threads/build/CMakeFiles/CMakeTmp'
/usr/bin/cmake -E cmake_progress_report /home/ttanaya/ece650-threads/build/CMakeFiles/CMakeTmp/CMakeFiles 1
Building C object CMakeFiles/cmTryCompileExec1084520591.dir/CheckSymbolExists.c.o
/usr/bin/cc    -o CMakeFiles/cmTryCompileExec1084520591.dir/CheckSymbolExists.c.o   -c /home/ttanaya/ece650-threads/build/CMakeFiles/CMakeTmp/CheckSymbolExists.c
Linking C executable cmTryCompileExec1084520591
/usr/bin/cmake -E cmake_link_script CMakeFiles/cmTryCompileExec1084520591.dir/link.txt --verbose=1
/usr/bin/cc       CMakeFiles/cmTryCompileExec1084520591.dir/CheckSymbolExists.c.o  -o cmTryCompileExec1084520591 -rdynamic 
CMakeFiles/cmTryCompileExec1084520591.dir/CheckSymbolExists.c.o: In function `main':
CheckSymbolExists.c:(.text+0x16): undefined reference to `pthread_create'
collect2: error: ld returned 1 exit status
gmake[1]: *** [cmTryCompileExec1084520591] Error 1
gmake[1]: Leaving directory `/home/ttanaya/ece650-threads/build/CMakeFiles/CMakeTmp'
gmake: *** [cmTryCompileExec1084520591/fast] Error 2

File /home/ttanaya/ece650-threads/build/CMakeFiles/CMakeTmp/CheckSymbolExists.c:
/* */
#include <pthread.h>

int main(int argc, char** argv)
{
  (void)argv;
#ifndef pthread_create
  return ((int*)(&pthread_create))[argc];
#else
  (void)argc;
  return 0;
#endif
}

Determining if the function pthread_create exists in the pthreads failed with the following output:
Change Dir: /home/ttanaya/ece650-threads/build/CMakeFiles/CMakeTmp

Run Build Command:/usr/bin/gmake "cmTryCompileExec2541292530/fast"
/usr/bin/gmake -f CMakeFiles/cmTryCompileExec2541292530.dir/build.make CMakeFiles/cmTryCompileExec2541292530.dir/build
gmake[1]: Entering directory `/home/ttanaya/ece650-threads/build/CMakeFiles/CMakeTmp'
/usr/bin/cmake -E cmake_progress_report /home/ttanaya/ece650-threads/build/CMakeFiles/CMakeTmp/CMakeFiles 1
Building C object CMakeFiles/cmTryCompileExec2541292530.dir/CheckFunctionExists.c.o
/usr/bin/cc   -DCHECK_FUNCTION_EXISTS=pthread_create   -o CMakeFiles/cmTryCompileExec2541292530.dir/CheckFunctionExists.c.o   -c /usr/share/cmake/Modules/CheckFunctionExists.c
Linking C executable cmTryCompileExec2541292530
/usr/bin/cmake -E cmake_link_script CMakeFiles/cmTryCompileExec2541292530.dir/link.txt --verbose=1
/usr/bin/cc   -DCHECK_FUNCTION_EXISTS=pthread_create    CMakeFiles/cmTryCompileExec2541292530.dir/CheckFunctionExists.c.o  -o cmTryCompileExec2541292530 -rdynamic -lpthreads 
/usr/bin/ld: cannot find -lpthreads
collect2: error: ld returned 1 exit status
gmake[1]: *** [cmTryCompileExec2541292530] Error 1
gmake[1]: Leaving directory `/home/ttanaya/ece650-threads/build/CMakeFiles/CMakeTmp'
gmake: *** [cmTryCompileExec2541292530/fast] Error 2


